<?xml version="1.0" encoding="UTF-8"?>
<!-- Generated by org.testng.reporters.JUnitReportReporter -->
<testsuite hostname="LAPTOP-3CBL729E" failures="0" tests="1" name="spotify.oauth2.tests.PlayListTests" time="1.632" errors="0" timestamp="2022-07-15T14:55:03 IST" skipped="0">
  <testcase classname="spotify.oauth2.tests.PlayListTests" name="shouldNotBeAbleToCreatePlaylistWithExpiredToken" time="1.632"/>
  <system-out/>
</testsuite> <!-- spotify.oauth2.tests.PlayListTests -->
