<?xml version="1.0" encoding="UTF-8"?>
<!-- Generated by org.testng.reporters.JUnitReportReporter -->
<testsuite hostname="LAPTOP-3CBL729E" failures="0" tests="5" name="com.spotify.oauth2.tests.PlayListTests" time="5.637" errors="0" timestamp="2022-07-16T18:33:54 IST" skipped="0">
  <testcase classname="com.spotify.oauth2.tests.PlayListTests" name="shouldBeAbleToCreatePlaylist" time="4.055"/>
  <system-out/>
  <testcase classname="com.spotify.oauth2.tests.PlayListTests" name="shouldBeAbleToUpdateAPlaylist" time="0.709"/>
  <system-out/>
  <testcase classname="com.spotify.oauth2.tests.PlayListTests" name="shouldBeAbleToGetAPlaylist" time="0.402"/>
  <system-out/>
  <testcase classname="com.spotify.oauth2.tests.PlayListTests" name="shouldNotBeAbleToCreatePlaylistWithExpiredToken" time="0.265"/>
  <system-out/>
  <testcase classname="com.spotify.oauth2.tests.PlayListTests" name="shouldNotBeAbleToCreatePlaylistWithoutName" time="0.206"/>
  <system-out/>
</testsuite> <!-- com.spotify.oauth2.tests.PlayListTests -->
